[2018-03-14 13:34:54 *22172.1]	ERROR	zm_deactivate_swoole (ERROR 503): Fatal error: Class App\Controller\Gateway\Trade contains 1 abstract method and must therefore be declared abstract or implement the remaining methods (Core\AbstractInterface\AbstractController::index) in /home/jiang/projects/family-pay/App/Controller/Gateway/Trade.php on line 19.
[2018-03-14 13:34:54 $22158.0]	WARNING	swManager_check_exit_status: worker#1 abnormal exit, status=255, signal=0
[2018-03-14 17:22:55 *9056.1]	ERROR	zm_deactivate_swoole (ERROR 503): Fatal error: Declaration of App\Payment\Channel\AlipayChannel::generOrder(App\Model\Alipay\AlipayOrder $order): string must be compatible with App\Payment\Channel\AbstractPaymentChannel::generOrder() in /home/jiang/projects/family-pay/App/Payment/Channel/AlipayChannel.php on line 20.
[2018-03-14 17:22:55 $9037.0]	WARNING	swManager_check_exit_status: worker#1 abnormal exit, status=255, signal=0
[2018-03-14 17:23:38 *9249.1]	ERROR	zm_deactivate_swoole (ERROR 503): Fatal error: Declaration of App\Payment\Channel\AlipayChannel::generOrder(App\Model\Alipay\AlipayOrder $order): string must be compatible with App\Payment\Channel\AbstractPaymentChannel::generOrder(): string in /home/jiang/projects/family-pay/App/Payment/Channel/AlipayChannel.php on line 20.
[2018-03-14 17:23:38 $9235.0]	WARNING	swManager_check_exit_status: worker#1 abnormal exit, status=255, signal=0
[2018-03-14 17:24:25 *9314.1]	ERROR	zm_deactivate_swoole (ERROR 503): Fatal error: Declaration of App\Payment\Channel\AbstractPaymentChannel::generOrder(App\Model\Order $order): string must be compatible with App\Payment\Channel\PaymentChannelInterface::generOrder() in /home/jiang/projects/family-pay/App/Payment/Channel/AbstractPaymentChannel.php on line 12.
[2018-03-14 17:24:25 $9300.0]	WARNING	swManager_check_exit_status: worker#1 abnormal exit, status=255, signal=0
[2018-03-14 17:25:07 *9395.1]	ERROR	zm_deactivate_swoole (ERROR 503): Fatal error: Declaration of App\Payment\Channel\AlipayChannel::generOrder(App\Model\Alipay\AlipayOrder $order): string must be compatible with App\Payment\Channel\AbstractPaymentChannel::generOrder(App\Model\Order $order): string in /home/jiang/projects/family-pay/App/Payment/Channel/AlipayChannel.php on line 20.
[2018-03-14 17:25:07 $9381.0]	WARNING	swManager_check_exit_status: worker#1 abnormal exit, status=255, signal=0
[2018-03-14 17:25:51 *9628.1]	ERROR	zm_deactivate_swoole (ERROR 503): Fatal error: Declaration of App\Payment\Channel\AbstractPaymentChannel::generOrder(App\Model\Order $order): string must be compatible with App\Payment\Channel\PaymentChannelInterface::generOrder($order): string in /home/jiang/projects/family-pay/App/Payment/Channel/AbstractPaymentChannel.php on line 12.
[2018-03-14 17:25:51 $9614.0]	WARNING	swManager_check_exit_status: worker#1 abnormal exit, status=255, signal=0
[2018-03-14 17:26:05 *9718.1]	ERROR	zm_deactivate_swoole (ERROR 503): Fatal error: Declaration of App\Payment\Channel\AbstractPaymentChannel::generOrder(App\Model\Order $order): string must be compatible with App\Payment\Channel\PaymentChannelInterface::generOrder($order): string in /home/jiang/projects/family-pay/App/Payment/Channel/AbstractPaymentChannel.php on line 12.
[2018-03-14 17:26:05 $9704.0]	WARNING	swManager_check_exit_status: worker#1 abnormal exit, status=255, signal=0
[2018-03-14 17:26:25 *9844.1]	ERROR	zm_deactivate_swoole (ERROR 503): Fatal error: Declaration of App\Payment\Channel\AlipayChannel::closeOrder(string $tradeNo, string $outTradeNo, string $operatorId): App\Model\Alipay\AlipayTradeCloseResponse must be compatible with App\Payment\Channel\AbstractPaymentChannel::closeOrder() in /home/jiang/projects/family-pay/App/Payment/Channel/AlipayChannel.php on line 20.
[2018-03-14 17:26:25 $9830.0]	WARNING	swManager_check_exit_status: worker#1 abnormal exit, status=255, signal=0
[2018-03-14 17:27:04 *10058.1]	ERROR	zm_deactivate_swoole (ERROR 503): Fatal error: Uncaught Error: Call to private method Conf\Config::sysConf() from context 'App\Payment\Channel\AlipayChannel' in /home/jiang/projects/family-pay/App/Payment/Channel/AlipayChannel.php:29
Stack trace:
#0 /home/jiang/projects/family-pay/App/Controller/Gateway/Trade.php(74): App\Payment\Channel\AlipayChannel->__construct()
#1 /home/jiang/projects/family-pay/Core/AbstractInterface/AbstractController.php(57): App\Controller\Gateway\Trade->signOrder()
#2 /home/jiang
[2018-03-14 17:27:04 $10044.0]	WARNING	swManager_check_exit_status: worker#1 abnormal exit, status=255, signal=0
[2018-03-14 17:28:29 *10452.1]	ERROR	zm_deactivate_swoole (ERROR 503): Fatal error: Uncaught Error: Cannot access private property App\Sdk\Alipay\Aop\Request\AlipayTradeCreateRequest::$bizContent in /home/jiang/projects/family-pay/App/Payment/Channel/AlipayChannel.php:86
Stack trace:
#0 /home/jiang/projects/family-pay/App/Controller/Gateway/Trade.php(78): App\Payment\Channel\AlipayChannel->generOrder(Object(App\Model\Order))
#1 /home/jiang/projects/family-pay/Core/AbstractInterface/AbstractController.php(57): App\Controller\Gateway\Trade->sig
[2018-03-14 17:28:29 $10438.0]	WARNING	swManager_check_exit_status: worker#1 abnormal exit, status=255, signal=0
[2018-03-14 17:28:55 *10485.1]	ERROR	zm_deactivate_swoole (ERROR 503): Fatal error: Uncaught Error: Cannot access private property App\Sdk\Alipay\Aop\Request\AlipayTradeCreateRequest::$bizContent in /home/jiang/projects/family-pay/App/Payment/Channel/AlipayChannel.php:86
Stack trace:
#0 /home/jiang/projects/family-pay/App/Controller/Gateway/Trade.php(78): App\Payment\Channel\AlipayChannel->generOrder(Object(App\Model\Order))
#1 /home/jiang/projects/family-pay/Core/AbstractInterface/AbstractController.php(57): App\Controller\Gateway\Trade->sig
[2018-03-14 17:28:55 $10471.0]	WARNING	swManager_check_exit_status: worker#1 abnormal exit, status=255, signal=0
[2018-03-14 18:13:50 *16660.1]	ERROR	zm_deactivate_swoole (ERROR 503): Fatal error: Declaration of App\Payment\Channel\AlipayChannel::checkSign($request, $resp) must be compatible with App\Payment\Channel\AbstractPaymentChannel::checkSign() in /home/jiang/projects/family-pay/App/Payment/Channel/AlipayChannel.php on line 20.
[2018-03-14 18:13:50 $16646.0]	WARNING	swManager_check_exit_status: worker#1 abnormal exit, status=255, signal=0
[2018-03-14 18:14:44 *16759.1]	ERROR	zm_deactivate_swoole (ERROR 503): Fatal error: Uncaught Error: Cannot access private property App\Sdk\Alipay\Aop\AopClient::$fileCharset in /home/jiang/projects/family-pay/App/Payment/Channel/AlipayChannel.php:157
Stack trace:
#0 /home/jiang/projects/family-pay/App/Controller/Gateway/Trade.php(143): App\Payment\Channel\AlipayChannel->checkSign(Object(App\Sdk\Alipay\Aop\Request\AlipayTradeCreateRequest), '31231231')
#1 /home/jiang/projects/family-pay/Core/AbstractInterface/AbstractController.php(57): App\Co
[2018-03-14 18:14:44 $16745.0]	WARNING	swManager_check_exit_status: worker#1 abnormal exit, status=255, signal=0
[2018-03-14 18:15:21 *16821.1]	ERROR	zm_deactivate_swoole (ERROR 503): Fatal error: Uncaught Error: Class 'App\Sdk\Alipay\Aop\Exception' not found in /home/jiang/projects/family-pay/App/Sdk/Alipay/Aop/AopClient.php:1026
Stack trace:
#0 /home/jiang/projects/family-pay/App/Payment/Channel/AlipayChannel.php(160): App\Sdk\Alipay\Aop\AopClient->checkResponseSign(Object(App\Sdk\Alipay\Aop\Request\AlipayTradeCreateRequest), Object(App\Sdk\Alipay\Aop\SignData), '31231231', 31231231)
#1 /home/jiang/projects/family-pay/App/Controller/Gateway/Trade.php(
[2018-03-14 18:15:21 $16807.0]	WARNING	swManager_check_exit_status: worker#1 abnormal exit, status=255, signal=0
[2018-03-14 18:17:10 *16947.1]	ERROR	zm_deactivate_swoole (ERROR 503): Fatal error: Uncaught Error: Class 'App\Sdk\Alipay\Aop\Exception' not found in /home/jiang/projects/family-pay/App/Sdk/Alipay/Aop/AopClient.php:1053
Stack trace:
#0 /home/jiang/projects/family-pay/App/Payment/Channel/AlipayChannel.php(160): App\Sdk\Alipay\Aop\AopClient->checkResponseSign(Object(App\Sdk\Alipay\Aop\Request\AlipayTradeCreateRequest), Object(App\Sdk\Alipay\Aop\SignData), '{\r\n    "alipay_...', Object(stdClass))
#1 /home/jiang/projects/family-pay/App/Controlle
[2018-03-14 18:17:10 $16933.0]	WARNING	swManager_check_exit_status: worker#1 abnormal exit, status=255, signal=0
[2018-03-14 18:31:57 *18189.7]	WARNING	swSignalfd_onSignal: signal[1] callback is null.
[2018-03-14 18:31:57 $18169.0]	WARNING	swSignal_callback: signal[1] callback is null.
[2018-03-14 18:31:57 *18182.0]	WARNING	swSignalfd_onSignal: signal[1] callback is null.
[2018-03-14 18:31:57 *18183.1]	WARNING	swSignalfd_onSignal: signal[1] callback is null.
[2018-03-14 18:31:57 *18184.2]	WARNING	swSignalfd_onSignal: signal[1] callback is null.
[2018-03-14 18:31:57 *18185.3]	WARNING	swSignalfd_onSignal: signal[1] callback is null.
[2018-03-14 18:31:57 *18188.6]	WARNING	swSignalfd_onSignal: signal[1] callback is null.
[2018-03-14 18:31:57 *18187.5]	WARNING	swSignalfd_onSignal: signal[1] callback is null.
[2018-03-14 18:31:57 *18186.4]	WARNING	swSignalfd_onSignal: signal[1] callback is null.
[2018-03-14 18:31:57 #18168.4]	WARNING	swSignalfd_onSignal: signal[1] callback is null.
[2018-03-14 18:34:24 *18184.2]	WARNING	swSignalfd_onSignal: signal[1] callback is null.
[2018-03-14 18:34:25 *18189.7]	WARNING	swSignalfd_onSignal: signal[1] callback is null.
[2018-03-14 18:34:25 *18185.3]	WARNING	swSignalfd_onSignal: signal[1] callback is null.
[2018-03-14 18:34:25 *18186.4]	WARNING	swSignalfd_onSignal: signal[1] callback is null.
[2018-03-14 18:34:25 *18187.5]	WARNING	swSignalfd_onSignal: signal[1] callback is null.
[2018-03-14 18:34:25 *18188.6]	WARNING	swSignalfd_onSignal: signal[1] callback is null.
[2018-03-14 18:34:25 *18183.1]	WARNING	swSignalfd_onSignal: signal[1] callback is null.
[2018-03-14 18:34:25 #18168.4]	WARNING	swSignalfd_onSignal: signal[1] callback is null.
[2018-03-14 18:34:25 #18168.4]	NOTICE	Server is shutdown now.
[2018-03-15 18:26:51 *14917.1]	ERROR	zm_deactivate_swoole (ERROR 503): Fatal error: Uncaught Error: Class 'AlipayChannel' not found in /home/jiang/projects/family-pay/App/Utils/Util.php:73
Stack trace:
#0 /home/jiang/projects/family-pay/App/Controller/Gateway/RedPack.php(48): App\Utils\Util::buildInstance('AlipayChannel')
#1 /home/jiang/projects/family-pay/Core/AbstractInterface/AbstractController.php(57): App\Controller\Gateway\RedPack->createAndSign()
#2 /home/jiang/projects/family-pay/Core/Dispatcher.php(141): Core\AbstractInterface\Abstra
[2018-03-15 18:26:51 $14903.0]	WARNING	swManager_check_exit_status: worker#1 abnormal exit, status=255, signal=0
[2018-03-16 11:28:18 *11586.4]	ERROR	zm_deactivate_swoole (ERROR 503): Fatal error: Uncaught Error: Class name must be a valid object or a string in /home/jiang/projects/family-pay/vendor/topthink/think-orm/src/Model.php:194
Stack trace:
#0 /home/jiang/projects/family-pay/vendor/topthink/think-orm/src/Model.php(234): think\Model->buildQuery()
#1 /home/jiang/projects/family-pay/vendor/topthink/think-orm/src/Model.php(405): think\Model->db(false)
#2 /home/jiang/projects/family-pay/vendor/topthink/think-orm/src/Model.php(531): think\Model->check
[2018-03-16 11:28:18 $11568.0]	WARNING	swManager_check_exit_status: worker#4 abnormal exit, status=255, signal=0
[2018-03-16 11:32:22 *11785.4]	ERROR	zm_deactivate_swoole (ERROR 503): Fatal error: Uncaught Error: Class name must be a valid object or a string in /home/jiang/projects/family-pay/vendor/topthink/think-orm/src/Model.php:197
Stack trace:
#0 /home/jiang/projects/family-pay/vendor/topthink/think-orm/src/Model.php(238): think\Model->buildQuery()
#1 /home/jiang/projects/family-pay/vendor/topthink/think-orm/src/Model.php(409): think\Model->db(false)
#2 /home/jiang/projects/family-pay/vendor/topthink/think-orm/src/Model.php(535): think\Model->check
[2018-03-16 11:32:22 $11768.0]	WARNING	swManager_check_exit_status: worker#4 abnormal exit, status=255, signal=0
[2018-03-16 11:43:54 *12306.4]	ERROR	zm_deactivate_swoole (ERROR 503): Fatal error: Uncaught Error: Class name must be a valid object or a string in /home/jiang/projects/family-pay/vendor/topthink/think-orm/src/Model.php:195
Stack trace:
#0 /home/jiang/projects/family-pay/vendor/topthink/think-orm/src/Model.php(236): think\Model->buildQuery()
#1 /home/jiang/projects/family-pay/vendor/topthink/think-orm/src/Model.php(407): think\Model->db(false)
#2 /home/jiang/projects/family-pay/vendor/topthink/think-orm/src/Model.php(533): think\Model->check
[2018-03-16 11:43:54 $12289.0]	WARNING	swManager_check_exit_status: worker#4 abnormal exit, status=255, signal=0
[2018-03-16 11:44:56 *12420.4]	ERROR	zm_deactivate_swoole (ERROR 503): Fatal error: Uncaught Error: Class name must be a valid object or a string in /home/jiang/projects/family-pay/vendor/topthink/think-orm/src/Model.php:196
Stack trace:
#0 /home/jiang/projects/family-pay/vendor/topthink/think-orm/src/Model.php(237): think\Model->buildQuery()
#1 /home/jiang/projects/family-pay/vendor/topthink/think-orm/src/Model.php(408): think\Model->db(false)
#2 /home/jiang/projects/family-pay/vendor/topthink/think-orm/src/Model.php(534): think\Model->check
[2018-03-16 11:44:56 $12403.0]	WARNING	swManager_check_exit_status: worker#4 abnormal exit, status=255, signal=0
[2018-03-16 11:45:51 *12490.4]	ERROR	zm_deactivate_swoole (ERROR 503): Fatal error: Uncaught Error: Class 'Query' not found in /home/jiang/projects/family-pay/vendor/topthink/think-orm/src/Model.php:195
Stack trace:
#0 /home/jiang/projects/family-pay/vendor/topthink/think-orm/src/Model.php(236): think\Model->buildQuery()
#1 /home/jiang/projects/family-pay/vendor/topthink/think-orm/src/Model.php(407): think\Model->db(false)
#2 /home/jiang/projects/family-pay/vendor/topthink/think-orm/src/Model.php(533): think\Model->checkAllowFields(Array)
#3 
[2018-03-16 11:45:51 $12473.0]	WARNING	swManager_check_exit_status: worker#4 abnormal exit, status=255, signal=0
[2018-03-16 13:38:05 *24104.5]	WARNING	swSignalfd_onSignal: signal[13] callback is null.
[2018-03-16 13:46:09 *24606.5]	NOTICE	zm_deactivate_swoole (ERROR 9003): worker process is terminated by exit()/die().
[2018-03-16 13:49:45 *24824.5]	NOTICE	zm_deactivate_swoole (ERROR 9003): worker process is terminated by exit()/die().
[2018-04-02 17:38:13 *12551.2]	ERROR	zm_deactivate_swoole (ERROR 503): Fatal error: Uncaught TypeError: Argument 1 passed to App\ViewController::__construct() must be of the type string, none given, called in /home/jiang/projects/family-wiki/Core/Dispatcher.php on line 131 and defined in /home/jiang/projects/family-wiki/App/ViewController.php:28
Stack trace:
#0 /home/jiang/projects/family-wiki/Core/Dispatcher.php(131): App\ViewController->__construct()
#1 /home/jiang/projects/family-wiki/Core/Swoole/Server.php(83): Core\Dispatcher->dispatch()
[2018-04-02 17:38:13 $12534.0]	WARNING	swManager_check_exit_status: worker#2 abnormal exit, status=255, signal=0
[2018-04-02 17:40:29 *12812.2]	ERROR	zm_deactivate_swoole (ERROR 503): Fatal error: Uncaught Error: Undefined class constant 'DIR_TEMP' in /home/jiang/projects/family-wiki/App/ViewController.php:28
Stack trace:
#0 /home/jiang/projects/family-wiki/Core/Dispatcher.php(131): App\ViewController->__construct()
#1 /home/jiang/projects/family-wiki/Core/Swoole/Server.php(83): Core\Dispatcher->dispatch()
#2 {main}
  thrown in /home/jiang/projects/family-wiki/App/ViewController.php on line 28.
[2018-04-02 17:40:29 $12797.0]	WARNING	swManager_check_exit_status: worker#2 abnormal exit, status=255, signal=0
[2018-04-02 17:40:31 *12818.2]	ERROR	zm_deactivate_swoole (ERROR 503): Fatal error: Uncaught Error: Undefined class constant 'DIR_TEMP' in /home/jiang/projects/family-wiki/App/ViewController.php:28
Stack trace:
#0 /home/jiang/projects/family-wiki/Core/Dispatcher.php(131): App\ViewController->__construct()
#1 /home/jiang/projects/family-wiki/Core/Swoole/Server.php(83): Core\Dispatcher->dispatch()
#2 {main}
  thrown in /home/jiang/projects/family-wiki/App/ViewController.php on line 28.
[2018-04-02 17:40:31 $12797.0]	WARNING	swManager_check_exit_status: worker#2 abnormal exit, status=255, signal=0
[2018-04-02 17:41:37 *12922.2]	ERROR	zm_deactivate_swoole (ERROR 503): Fatal error: Uncaught Error: Class 'App\Controller\Util' not found in /home/jiang/projects/family-wiki/App/Controller/Word.php:54
Stack trace:
#0 /home/jiang/projects/family-wiki/Core/AbstractInterface/AbstractController.php(52): App\Controller\Word->onRequest('index')
#1 /home/jiang/projects/family-wiki/Core/Dispatcher.php(141): Core\AbstractInterface\AbstractController->__call('index', NULL)
#2 /home/jiang/projects/family-wiki/Core/Swoole/Server.php(83): Core\Dispatcher-
[2018-04-02 17:41:37 $12907.0]	WARNING	swManager_check_exit_status: worker#2 abnormal exit, status=255, signal=0
[2018-04-02 17:42:52 *12989.2]	ERROR	zm_deactivate_swoole (ERROR 503): Fatal error: Uncaught Error: Class 'App\Controller\Util' not found in /home/jiang/projects/family-wiki/App/Controller/Word.php:54
Stack trace:
#0 /home/jiang/projects/family-wiki/Core/AbstractInterface/AbstractController.php(52): App\Controller\Word->onRequest('index')
#1 /home/jiang/projects/family-wiki/Core/Dispatcher.php(141): Core\AbstractInterface\AbstractController->__call('index', NULL)
#2 /home/jiang/projects/family-wiki/Core/Swoole/Server.php(83): Core\Dispatcher-
[2018-04-02 17:42:52 $12974.0]	WARNING	swManager_check_exit_status: worker#2 abnormal exit, status=255, signal=0
[2018-04-02 18:34:17 *14330.2]	WARNING	swSignalfd_onSignal: signal[1] callback is null.
[2018-04-02 18:34:17 *14331.3]	WARNING	swSignalfd_onSignal: signal[1] callback is null.
[2018-04-02 18:34:17 $14315.0]	WARNING	swSignal_callback: signal[1] callback is null.
[2018-04-02 18:34:17 #14314.4]	WARNING	swSignalfd_onSignal: signal[1] callback is null.
[2018-04-02 18:34:17 *14334.6]	WARNING	swSignalfd_onSignal: signal[1] callback is null.
[2018-04-02 18:34:17 *14333.5]	WARNING	swSignalfd_onSignal: signal[1] callback is null.
[2018-04-02 18:34:17 *14332.4]	WARNING	swSignalfd_onSignal: signal[1] callback is null.
[2018-04-02 18:34:17 *14335.7]	WARNING	swSignalfd_onSignal: signal[1] callback is null.
[2018-04-02 18:34:17 *14328.0]	WARNING	swSignalfd_onSignal: signal[1] callback is null.
[2018-04-02 18:34:17 *14329.1]	WARNING	swSignalfd_onSignal: signal[1] callback is null.
[2018-04-02 18:36:37 #14314.4]	NOTICE	Server is shutdown now.
[2018-04-02 18:36:37 *14330.2]	WARNING	swSignalfd_onSignal: signal[1] callback is null.
[2018-04-02 18:36:37 *14332.4]	WARNING	swSignalfd_onSignal: signal[1] callback is null.
[2018-04-02 18:36:37 *14333.5]	WARNING	swSignalfd_onSignal: signal[1] callback is null.
[2018-04-02 18:36:37 *14335.7]	WARNING	swSignalfd_onSignal: signal[1] callback is null.
[2018-04-02 18:36:37 *14334.6]	WARNING	swSignalfd_onSignal: signal[1] callback is null.
[2018-04-03 15:17:55 *30882.7]	WARNING	swSignalfd_onSignal: signal[1] callback is null.
[2018-04-03 15:17:55 *30877.2]	WARNING	swSignalfd_onSignal: signal[1] callback is null.
[2018-04-03 15:17:55 *30875.0]	WARNING	swSignalfd_onSignal: signal[1] callback is null.
[2018-04-03 15:17:55 *30881.6]	WARNING	swSignalfd_onSignal: signal[1] callback is null.
[2018-04-03 15:17:55 *30876.1]	WARNING	swSignalfd_onSignal: signal[1] callback is null.
[2018-04-03 15:17:55 *30880.5]	WARNING	swSignalfd_onSignal: signal[1] callback is null.
[2018-04-03 15:17:55 *30879.4]	WARNING	swSignalfd_onSignal: signal[1] callback is null.
[2018-04-03 15:17:55 *30878.3]	WARNING	swSignalfd_onSignal: signal[1] callback is null.
[2018-04-03 15:17:55 $30862.0]	WARNING	swSignal_callback: signal[1] callback is null.
[2018-04-03 15:17:55 #30861.4]	WARNING	swSignalfd_onSignal: signal[1] callback is null.
